<?xml version="1.0" encoding="UTF-8"?>
<!-- Generated by org.testng.reporters.JUnitReportReporter -->
<testsuite name="CoolTesters.Selenium.AppTest" tests="1" time="0.008" ignored="0" failures="0" timestamp="12 sep 2020 13:55:57 GMT" skipped="0" hostname="DESKTOP-1T86GB1" errors="0">
  <testcase name="shouldAnswerWithTrue" time="0.008" classname="CoolTesters.Selenium.AppTest"/>
</testsuite> <!-- CoolTesters.Selenium.AppTest -->
